Build started 6/11/2018 11:10:22 AM.
     1>Project "C:\Users\ARJUN\documents\visual studio 2010\Projects\Virtual_File_System\Virtual_File_System\Virtual_File_System.vcxproj" on node 2 (build target(s)).
     1>InitializeBuildStatus:
         Creating "Debug\Virtual_File_System.unsuccessfulbuild" because "AlwaysCreate" was specified.
       ClCompile:
         C:\Program Files (x86)\Microsoft Visual Studio 10.0\VC\bin\CL.exe /c /ZI /nologo /W3 /WX- /Od /Oy- /D WIN32 /D _DEBUG /D _CONSOLE /D _UNICODE /D UNICODE /Gm /EHsc /RTC1 /MDd /GS /fp:precise /Zc:wchar_t /Zc:forScope /Fo"Debug\\" /Fd"Debug\vc100.pdb" /Gd /TC /analyze- /errorReport:prompt vfs1.c
         vfs1.c
     1>c:\users\arjun\documents\visual studio 2010\projects\virtual_file_system\virtual_file_system\vfs1.c(328): warning C4715: 'rm_File' : not all control paths return a value
     1>c:\users\arjun\documents\visual studio 2010\projects\virtual_file_system\virtual_file_system\vfs1.c(542): warning C4715: 'LseekFile' : not all control paths return a value
     1>c:\users\arjun\documents\visual studio 2010\projects\virtual_file_system\virtual_file_system\vfs1.c(649): warning C4715: 'truncate_File' : not all control paths return a value
       ManifestResourceCompile:
         All outputs are up-to-date.
       Link:
         C:\Program Files (x86)\Microsoft Visual Studio 10.0\VC\bin\link.exe /ERRORREPORT:PROMPT /OUT:"C:\Users\ARJUN\documents\visual studio 2010\Projects\Virtual_File_System\Debug\Virtual_File_System.exe" /INCREMENTAL /NOLOGO kernel32.lib user32.lib gdi32.lib winspool.lib comdlg32.lib advapi32.lib shell32.lib ole32.lib oleaut32.lib uuid.lib odbc32.lib odbccp32.lib /MANIFEST /ManifestFile:"Debug\Virtual_File_System.exe.intermediate.manifest" /MANIFESTUAC:"level='asInvoker' uiAccess='false'" /DEBUG /PDB:"C:\Users\ARJUN\documents\visual studio 2010\Projects\Virtual_File_System\Debug\Virtual_File_System.pdb" /SUBSYSTEM:CONSOLE /TLBID:1 /DYNAMICBASE /NXCOMPAT /IMPLIB:"C:\Users\ARJUN\documents\visual studio 2010\Projects\Virtual_File_System\Debug\Virtual_File_System.lib" /MACHINE:X86 Debug\Virtual_File_System.exe.embed.manifest.res
         Debug\vfs1.obj
       Manifest:
         C:\Program Files (x86)\Microsoft SDKs\Windows\v7.0A\bin\mt.exe /nologo /verbose /out:"Debug\Virtual_File_System.exe.embed.manifest" /manifest Debug\Virtual_File_System.exe.intermediate.manifest
         All outputs are up-to-date.
       LinkEmbedManifest:
         All outputs are up-to-date.
         Virtual_File_System.vcxproj -> C:\Users\ARJUN\documents\visual studio 2010\Projects\Virtual_File_System\Debug\Virtual_File_System.exe
       FinalizeBuildStatus:
         Deleting file "Debug\Virtual_File_System.unsuccessfulbuild".
         Touching "Debug\Virtual_File_System.lastbuildstate".
     1>Done Building Project "C:\Users\ARJUN\documents\visual studio 2010\Projects\Virtual_File_System\Virtual_File_System\Virtual_File_System.vcxproj" (build target(s)).

Build succeeded.

Time Elapsed 00:00:06.36
